2023-04-23 12:31:40,833:DEBUG:Starting new HTTPS connection (1): registers.esma.europa.eu:443
2023-04-23 12:31:41,620:DEBUG:https://registers.esma.europa.eu:443 "GET /solr/esma_registers_firds_files/select?q=*&fq=publication_date:%5B2021-01-17T00:00:00Z+TO+2021-01-19T23:59:59Z%5D&wt=xml&indent=true&start=0&rows=100 HTTP/1.1" 200 None
2023-04-23 12:31:41,659:INFO:XML file downloaded successfully.
2023-04-23 12:31:41,666:INFO:Download link found successfully.
2023-04-23 12:31:41,677:DEBUG:Starting new HTTP connection (1): firds.esma.europa.eu:80
2023-04-23 12:31:41,736:DEBUG:http://firds.esma.europa.eu:80 "GET /firds/DLTINS_20210117_01of01.zip HTTP/1.1" 200 4434514
2023-04-23 12:31:54,313:INFO:Download and extraction successful.
2023-04-23 12:32:07,162:INFO:Data extraction successful.
2023-04-23 12:32:07,162:INFO:Starting the code to write data to output.csv file
2023-04-23 12:32:07,954:INFO:Data written to output.csv file successfully
2023-04-23 12:32:07,954:INFO:Starting the code to upload output.csv file to S3 bucket
2023-04-23 12:32:07,957:DEBUG:Changing event name from creating-client-class.iot-data to creating-client-class.iot-data-plane
2023-04-23 12:32:07,964:DEBUG:Changing event name from before-call.apigateway to before-call.api-gateway
2023-04-23 12:32:07,966:DEBUG:Changing event name from request-created.machinelearning.Predict to request-created.machine-learning.Predict
2023-04-23 12:32:07,969:DEBUG:Changing event name from before-parameter-build.autoscaling.CreateLaunchConfiguration to before-parameter-build.auto-scaling.CreateLaunchConfiguration
2023-04-23 12:32:07,970:DEBUG:Changing event name from before-parameter-build.route53 to before-parameter-build.route-53
2023-04-23 12:32:07,971:DEBUG:Changing event name from request-created.cloudsearchdomain.Search to request-created.cloudsearch-domain.Search
2023-04-23 12:32:07,975:DEBUG:Changing event name from docs.*.autoscaling.CreateLaunchConfiguration.complete-section to docs.*.auto-scaling.CreateLaunchConfiguration.complete-section
2023-04-23 12:32:07,980:DEBUG:Changing event name from before-parameter-build.logs.CreateExportTask to before-parameter-build.cloudwatch-logs.CreateExportTask
2023-04-23 12:32:07,981:DEBUG:Changing event name from docs.*.logs.CreateExportTask.complete-section to docs.*.cloudwatch-logs.CreateExportTask.complete-section
2023-04-23 12:32:07,981:DEBUG:Changing event name from before-parameter-build.cloudsearchdomain.Search to before-parameter-build.cloudsearch-domain.Search
2023-04-23 12:32:07,982:DEBUG:Changing event name from docs.*.cloudsearchdomain.Search.complete-section to docs.*.cloudsearch-domain.Search.complete-section
2023-04-23 12:32:08,225:DEBUG:Loading JSON file: C:\Users\DELL\anaconda3\lib\site-packages\boto3\data\s3\2006-03-01\resources-1.json
2023-04-23 12:32:08,236:DEBUG:Loading JSON file: C:\Users\DELL\anaconda3\lib\site-packages\botocore\data\endpoints.json
2023-04-23 12:32:08,260:DEBUG:Loading JSON file: C:\Users\DELL\anaconda3\lib\site-packages\botocore\data\sdk-default-configuration.json
2023-04-23 12:32:08,310:DEBUG:Event choose-service-name: calling handler <function handle_service_name_alias at 0x000002AC0B59AAF0>
2023-04-23 12:32:08,459:DEBUG:Loading JSON file: C:\Users\DELL\anaconda3\lib\site-packages\botocore\data\s3\2006-03-01\service-2.json
2023-04-23 12:32:08,664:DEBUG:Loading JSON file: C:\Users\DELL\anaconda3\lib\site-packages\botocore\data\s3\2006-03-01\endpoint-rule-set-1.json.gz
2023-04-23 12:32:08,676:DEBUG:Loading JSON file: C:\Users\DELL\anaconda3\lib\site-packages\botocore\data\partitions.json
2023-04-23 12:32:08,681:DEBUG:Event creating-client-class.s3: calling handler <function add_generate_presigned_post at 0x000002AC0B3A9430>
2023-04-23 12:32:08,681:DEBUG:Event creating-client-class.s3: calling handler <function lazy_call.<locals>._handler at 0x000002AC0CB898B0>
2023-04-23 12:32:08,787:DEBUG:Event creating-client-class.s3: calling handler <function add_generate_presigned_url at 0x000002AC0B3A91F0>
2023-04-23 12:32:08,791:DEBUG:Setting s3 timeout as (60, 60)
2023-04-23 12:32:08,797:DEBUG:Loading JSON file: C:\Users\DELL\anaconda3\lib\site-packages\botocore\data\_retry.json
2023-04-23 12:32:08,798:DEBUG:Registering retry handlers for service: s3
2023-04-23 12:32:08,799:DEBUG:Registering S3 region redirector handler
2023-04-23 12:32:08,800:DEBUG:Loading s3:s3
2023-04-23 12:32:08,802:DEBUG:Loading s3:Bucket
2023-04-23 12:32:08,802:DEBUG:Renaming Bucket attribute name
2023-04-23 12:32:08,804:DEBUG:Event creating-resource-class.s3.Bucket: calling handler <function lazy_call.<locals>._handler at 0x000002AC0CB89700>
2023-04-23 12:32:08,804:DEBUG:Acquiring 0
2023-04-23 12:32:08,806:DEBUG:UploadSubmissionTask(transfer_id=0, {'transfer_future': <s3transfer.futures.TransferFuture object at 0x000002AC0DDA7550>}) about to wait for the following futures []
2023-04-23 12:32:08,806:DEBUG:UploadSubmissionTask(transfer_id=0, {'transfer_future': <s3transfer.futures.TransferFuture object at 0x000002AC0DDA7550>}) done waiting for dependent futures
2023-04-23 12:32:08,807:DEBUG:Executing task UploadSubmissionTask(transfer_id=0, {'transfer_future': <s3transfer.futures.TransferFuture object at 0x000002AC0DDA7550>}) with kwargs {'client': <botocore.client.S3 object at 0x000002AC0DBF5820>, 'config': <boto3.s3.transfer.TransferConfig object at 0x000002AC0DD91C10>, 'osutil': <s3transfer.utils.OSUtils object at 0x000002AC0DDA4610>, 'request_executor': <s3transfer.futures.BoundedExecutor object at 0x000002AC0DDA4850>, 'transfer_future': <s3transfer.futures.TransferFuture object at 0x000002AC0DDA7550>}
2023-04-23 12:32:08,807:DEBUG:Submitting task CreateMultipartUploadTask(transfer_id=0, {'bucket': 'amandeep12017226', 'key': 'SteelEye_assignment.csv', 'extra_args': {}}) to executor <s3transfer.futures.BoundedExecutor object at 0x000002AC0DDA4850> for transfer request: 0.
2023-04-23 12:32:08,807:DEBUG:Acquiring 0
2023-04-23 12:32:08,808:DEBUG:CreateMultipartUploadTask(transfer_id=0, {'bucket': 'amandeep12017226', 'key': 'SteelEye_assignment.csv', 'extra_args': {}}) about to wait for the following futures []
2023-04-23 12:32:08,808:DEBUG:CreateMultipartUploadTask(transfer_id=0, {'bucket': 'amandeep12017226', 'key': 'SteelEye_assignment.csv', 'extra_args': {}}) done waiting for dependent futures
2023-04-23 12:32:08,808:DEBUG:Executing task CreateMultipartUploadTask(transfer_id=0, {'bucket': 'amandeep12017226', 'key': 'SteelEye_assignment.csv', 'extra_args': {}}) with kwargs {'client': <botocore.client.S3 object at 0x000002AC0DBF5820>, 'bucket': 'amandeep12017226', 'key': 'SteelEye_assignment.csv', 'extra_args': {}}
2023-04-23 12:32:08,808:DEBUG:Event before-endpoint-resolution.s3: calling handler <function customize_endpoint_resolver_builtins at 0x000002AC0B5B65E0>
2023-04-23 12:32:08,809:DEBUG:Event before-endpoint-resolution.s3: calling handler <bound method S3RegionRedirectorv2.redirect_from_cache of <botocore.utils.S3RegionRedirectorv2 object at 0x000002AC0DD86400>>
2023-04-23 12:32:08,810:DEBUG:Calling endpoint provider with parameters: {'Bucket': 'amandeep12017226', 'Region': 'ap-southeast-2', 'UseFIPS': False, 'UseDualStack': False, 'ForcePathStyle': False, 'Accelerate': False, 'UseGlobalEndpoint': False, 'DisableMultiRegionAccessPoints': False, 'UseArnRegion': True}
2023-04-23 12:32:08,811:DEBUG:Endpoint provider result: https://amandeep12017226.s3.ap-southeast-2.amazonaws.com
2023-04-23 12:32:08,812:DEBUG:Selecting from endpoint provider's list of auth schemes: "sigv4". User selected auth scheme is: "None"
2023-04-23 12:32:08,812:DEBUG:Selected auth type "v4" as "v4" with signing context params: {'region': 'ap-southeast-2', 'signing_name': 's3', 'disableDoubleEncoding': True}
2023-04-23 12:32:08,812:DEBUG:Event before-parameter-build.s3.CreateMultipartUpload: calling handler <function validate_ascii_metadata at 0x000002AC0B5B4280>
2023-04-23 12:32:08,812:DEBUG:Event before-parameter-build.s3.CreateMultipartUpload: calling handler <function sse_md5 at 0x000002AC0B5B2670>
2023-04-23 12:32:08,812:DEBUG:Event before-parameter-build.s3.CreateMultipartUpload: calling handler <function validate_bucket_name at 0x000002AC0B5B25E0>
2023-04-23 12:32:08,813:DEBUG:Submitting task UploadPartTask(transfer_id=0, {'bucket': 'amandeep12017226', 'key': 'SteelEye_assignment.csv', 'part_number': 1, 'extra_args': {}}) to executor <s3transfer.futures.BoundedExecutor object at 0x000002AC0DDA4850> for transfer request: 0.
2023-04-23 12:32:08,813:DEBUG:Event before-parameter-build.s3.CreateMultipartUpload: calling handler <function remove_bucket_from_url_paths_from_model at 0x000002AC0B5B6430>
2023-04-23 12:32:08,813:DEBUG:Acquiring 0
2023-04-23 12:32:08,813:DEBUG:Event before-parameter-build.s3.CreateMultipartUpload: calling handler <bound method S3RegionRedirectorv2.annotate_request_context of <botocore.utils.S3RegionRedirectorv2 object at 0x000002AC0DD86400>>
2023-04-23 12:32:08,814:DEBUG:UploadPartTask(transfer_id=0, {'bucket': 'amandeep12017226', 'key': 'SteelEye_assignment.csv', 'part_number': 1, 'extra_args': {}}) about to wait for the following futures [<s3transfer.futures.ExecutorFuture object at 0x000002AC0DDA7EE0>]
2023-04-23 12:32:08,814:DEBUG:Event before-parameter-build.s3.CreateMultipartUpload: calling handler <function generate_idempotent_uuid at 0x000002AC0B5B2430>
2023-04-23 12:32:08,814:DEBUG:Submitting task UploadPartTask(transfer_id=0, {'bucket': 'amandeep12017226', 'key': 'SteelEye_assignment.csv', 'part_number': 2, 'extra_args': {}}) to executor <s3transfer.futures.BoundedExecutor object at 0x000002AC0DDA4850> for transfer request: 0.
2023-04-23 12:32:08,814:DEBUG:UploadPartTask(transfer_id=0, {'bucket': 'amandeep12017226', 'key': 'SteelEye_assignment.csv', 'part_number': 1, 'extra_args': {}}) about to wait for <s3transfer.futures.ExecutorFuture object at 0x000002AC0DDA7EE0>
2023-04-23 12:32:08,815:DEBUG:Event before-call.s3.CreateMultipartUpload: calling handler <function add_expect_header at 0x000002AC0B5B2940>
2023-04-23 12:32:08,815:DEBUG:Acquiring 0
2023-04-23 12:32:08,816:DEBUG:Event before-call.s3.CreateMultipartUpload: calling handler <function add_recursion_detection_header at 0x000002AC0B5B20D0>
2023-04-23 12:32:08,816:DEBUG:Event before-call.s3.CreateMultipartUpload: calling handler <function inject_api_version_header_if_needed at 0x000002AC0B5B4CA0>
2023-04-23 12:32:08,816:DEBUG:Making request for OperationModel(name=CreateMultipartUpload) with params: {'url_path': '/SteelEye_assignment.csv?uploads', 'query_string': {}, 'method': 'POST', 'headers': {'User-Agent': 'Boto3/1.26.114 Python/3.9.7 Windows/10 Botocore/1.29.114 Resource'}, 'body': b'', 'auth_path': '/amandeep12017226/SteelEye_assignment.csv?uploads', 'url': 'https://amandeep12017226.s3.ap-southeast-2.amazonaws.com/SteelEye_assignment.csv?uploads', 'context': {'client_region': 'ap-southeast-2', 'client_config': <botocore.config.Config object at 0x000002AC0DBF57C0>, 'has_streaming_input': False, 'auth_type': 'v4', 'signing': {'region': 'ap-southeast-2', 'signing_name': 's3', 'disableDoubleEncoding': True}, 's3_redirect': {'redirected': False, 'bucket': 'amandeep12017226', 'params': {'Bucket': 'amandeep12017226', 'Key': 'SteelEye_assignment.csv'}}}}
2023-04-23 12:32:08,817:DEBUG:Event request-created.s3.CreateMultipartUpload: calling handler <function signal_not_transferring at 0x000002AC0DCDAAF0>
2023-04-23 12:32:08,817:DEBUG:Event request-created.s3.CreateMultipartUpload: calling handler <bound method RequestSigner.handler of <botocore.signers.RequestSigner object at 0x000002AC0DBF57F0>>
2023-04-23 12:32:08,817:DEBUG:Event choose-signer.s3.CreateMultipartUpload: calling handler <bound method ClientCreator._default_s3_presign_to_sigv2 of <botocore.client.ClientCreator object at 0x000002AC0D317D30>>
2023-04-23 12:32:08,818:DEBUG:Event choose-signer.s3.CreateMultipartUpload: calling handler <function set_operation_specific_signer at 0x000002AC0B5B2310>
2023-04-23 12:32:08,818:DEBUG:Event before-sign.s3.CreateMultipartUpload: calling handler <function remove_arn_from_signing_path at 0x000002AC0B5B6550>
2023-04-23 12:32:08,818:DEBUG:Calculating signature using v4 auth.
2023-04-23 12:32:08,819:DEBUG:UploadPartTask(transfer_id=0, {'bucket': 'amandeep12017226', 'key': 'SteelEye_assignment.csv', 'part_number': 2, 'extra_args': {}}) about to wait for the following futures [<s3transfer.futures.ExecutorFuture object at 0x000002AC0DDA7EE0>]
2023-04-23 12:32:08,819:DEBUG:CanonicalRequest:
POST
/SteelEye_assignment.csv
uploads=
host:amandeep12017226.s3.ap-southeast-2.amazonaws.com
x-amz-content-sha256:e3b0c44298fc1c149afbf4c8996fb92427ae41e4649b934ca495991b7852b855
x-amz-date:20230423T070208Z

host;x-amz-content-sha256;x-amz-date
e3b0c44298fc1c149afbf4c8996fb92427ae41e4649b934ca495991b7852b855
2023-04-23 12:32:08,819:DEBUG:Submitting task CompleteMultipartUploadTask(transfer_id=0, {'bucket': 'amandeep12017226', 'key': 'SteelEye_assignment.csv', 'extra_args': {}}) to executor <s3transfer.futures.BoundedExecutor object at 0x000002AC0DDA4850> for transfer request: 0.
2023-04-23 12:32:08,819:DEBUG:UploadPartTask(transfer_id=0, {'bucket': 'amandeep12017226', 'key': 'SteelEye_assignment.csv', 'part_number': 2, 'extra_args': {}}) about to wait for <s3transfer.futures.ExecutorFuture object at 0x000002AC0DDA7EE0>
2023-04-23 12:32:08,819:DEBUG:StringToSign:
AWS4-HMAC-SHA256
20230423T070208Z
20230423/ap-southeast-2/s3/aws4_request
484a59017fdf6044fe932c0211d97c94244c428b5753c005369c4f613dbd0b3c
2023-04-23 12:32:08,820:DEBUG:Acquiring 0
2023-04-23 12:32:08,820:DEBUG:Signature:
da691da31c68ac6859307fed8e98597b7aa25cd14ece5b4e742263d04f6e4bb8
2023-04-23 12:32:08,821:DEBUG:Event request-created.s3.CreateMultipartUpload: calling handler <function signal_transferring at 0x000002AC0DCDAB80>
2023-04-23 12:32:08,821:DEBUG:CompleteMultipartUploadTask(transfer_id=0, {'bucket': 'amandeep12017226', 'key': 'SteelEye_assignment.csv', 'extra_args': {}}) about to wait for the following futures [<s3transfer.futures.ExecutorFuture object at 0x000002AC0DDA7EE0>, <s3transfer.futures.ExecutorFuture object at 0x000002AC0DDBBD60>, <s3transfer.futures.ExecutorFuture object at 0x000002AC0DDCE4C0>]
2023-04-23 12:32:08,821:DEBUG:Event request-created.s3.CreateMultipartUpload: calling handler <function add_retry_headers at 0x000002AC0B5B63A0>
2023-04-23 12:32:08,821:DEBUG:Releasing acquire 0/None
2023-04-23 12:32:08,821:DEBUG:CompleteMultipartUploadTask(transfer_id=0, {'bucket': 'amandeep12017226', 'key': 'SteelEye_assignment.csv', 'extra_args': {}}) about to wait for <s3transfer.futures.ExecutorFuture object at 0x000002AC0DDA7EE0>
2023-04-23 12:32:08,822:DEBUG:Sending http request: <AWSPreparedRequest stream_output=False, method=POST, url=https://amandeep12017226.s3.ap-southeast-2.amazonaws.com/SteelEye_assignment.csv?uploads, headers={'User-Agent': b'Boto3/1.26.114 Python/3.9.7 Windows/10 Botocore/1.29.114 Resource', 'X-Amz-Date': b'20230423T070208Z', 'X-Amz-Content-SHA256': b'e3b0c44298fc1c149afbf4c8996fb92427ae41e4649b934ca495991b7852b855', 'Authorization': b'AWS4-HMAC-SHA256 Credential=AKIASJBMQVJ5TI3TQQGQ/20230423/ap-southeast-2/s3/aws4_request, SignedHeaders=host;x-amz-content-sha256;x-amz-date, Signature=da691da31c68ac6859307fed8e98597b7aa25cd14ece5b4e742263d04f6e4bb8', 'amz-sdk-invocation-id': b'e0101656-c989-4c21-9cda-589a9fc0f227', 'amz-sdk-request': b'attempt=1', 'Content-Length': '0'}>
2023-04-23 12:32:08,823:DEBUG:Certificate path: C:\Users\DELL\anaconda3\lib\site-packages\certifi\cacert.pem
2023-04-23 12:32:08,823:DEBUG:Starting new HTTPS connection (1): amandeep12017226.s3.ap-southeast-2.amazonaws.com:443
2023-04-23 12:32:09,654:DEBUG:https://amandeep12017226.s3.ap-southeast-2.amazonaws.com:443 "POST /SteelEye_assignment.csv?uploads HTTP/1.1" 200 None
2023-04-23 12:32:09,655:DEBUG:Response headers: {'x-amz-id-2': 'YS0yU7P7MKhdwUFClqY/TL3Gkpwg72/sBUcWj8bJP3Z2IWotvGJl3mAiuq0VsjcEzG0n0uzhV/s=', 'x-amz-request-id': '02QPA608CN79GCKP', 'Date': 'Sun, 23 Apr 2023 07:02:09 GMT', 'x-amz-server-side-encryption': 'AES256', 'Transfer-Encoding': 'chunked', 'Server': 'AmazonS3'}
2023-04-23 12:32:09,655:DEBUG:Response body:
b'<?xml version="1.0" encoding="UTF-8"?>\n<InitiateMultipartUploadResult xmlns="http://s3.amazonaws.com/doc/2006-03-01/"><Bucket>amandeep12017226</Bucket><Key>SteelEye_assignment.csv</Key><UploadId>snS7QmUayUvGPSCBT7yhs.mns87I12OdDX2e6_yQQYdxdbL2qL.ePBNQ4AxL0oXwHrIrQxP3zx8IyBWf.i5SJh6a6pr8Rxc2ivwwVnOypMs-</UploadId></InitiateMultipartUploadResult>'
2023-04-23 12:32:09,656:DEBUG:Event needs-retry.s3.CreateMultipartUpload: calling handler <botocore.retryhandler.RetryHandler object at 0x000002AC0DD86340>
2023-04-23 12:32:09,656:DEBUG:No retry needed.
2023-04-23 12:32:09,656:DEBUG:Event needs-retry.s3.CreateMultipartUpload: calling handler <bound method S3RegionRedirectorv2.redirect_from_error of <botocore.utils.S3RegionRedirectorv2 object at 0x000002AC0DD86400>>
2023-04-23 12:32:09,657:DEBUG:Releasing acquire 0/None
2023-04-23 12:32:09,657:DEBUG:CompleteMultipartUploadTask(transfer_id=0, {'bucket': 'amandeep12017226', 'key': 'SteelEye_assignment.csv', 'extra_args': {}}) about to wait for <s3transfer.futures.ExecutorFuture object at 0x000002AC0DDBBD60>
2023-04-23 12:32:09,657:DEBUG:UploadPartTask(transfer_id=0, {'bucket': 'amandeep12017226', 'key': 'SteelEye_assignment.csv', 'part_number': 2, 'extra_args': {}}) done waiting for dependent futures
2023-04-23 12:32:09,657:DEBUG:Executing task UploadPartTask(transfer_id=0, {'bucket': 'amandeep12017226', 'key': 'SteelEye_assignment.csv', 'part_number': 2, 'extra_args': {}}) with kwargs {'client': <botocore.client.S3 object at 0x000002AC0DBF5820>, 'fileobj': <s3transfer.utils.ReadFileChunk object at 0x000002AC0DDCE070>, 'bucket': 'amandeep12017226', 'key': 'SteelEye_assignment.csv', 'part_number': 2, 'extra_args': {}, 'upload_id': 'snS7QmUayUvGPSCBT7yhs.mns87I12OdDX2e6_yQQYdxdbL2qL.ePBNQ4AxL0oXwHrIrQxP3zx8IyBWf.i5SJh6a6pr8Rxc2ivwwVnOypMs-'}
2023-04-23 12:32:09,658:DEBUG:Event before-endpoint-resolution.s3: calling handler <function customize_endpoint_resolver_builtins at 0x000002AC0B5B65E0>
2023-04-23 12:32:09,658:DEBUG:Event before-endpoint-resolution.s3: calling handler <bound method S3RegionRedirectorv2.redirect_from_cache of <botocore.utils.S3RegionRedirectorv2 object at 0x000002AC0DD86400>>
2023-04-23 12:32:09,658:DEBUG:Calling endpoint provider with parameters: {'Bucket': 'amandeep12017226', 'Region': 'ap-southeast-2', 'UseFIPS': False, 'UseDualStack': False, 'ForcePathStyle': False, 'Accelerate': False, 'UseGlobalEndpoint': False, 'DisableMultiRegionAccessPoints': False, 'UseArnRegion': True}
2023-04-23 12:32:09,658:DEBUG:Endpoint provider result: https://amandeep12017226.s3.ap-southeast-2.amazonaws.com
2023-04-23 12:32:09,659:DEBUG:Selecting from endpoint provider's list of auth schemes: "sigv4". User selected auth scheme is: "None"
2023-04-23 12:32:09,659:DEBUG:Selected auth type "v4" as "v4" with signing context params: {'region': 'ap-southeast-2', 'signing_name': 's3', 'disableDoubleEncoding': True}
2023-04-23 12:32:09,659:DEBUG:Event before-parameter-build.s3.UploadPart: calling handler <function sse_md5 at 0x000002AC0B5B2670>
2023-04-23 12:32:09,659:DEBUG:Event before-parameter-build.s3.UploadPart: calling handler <function convert_body_to_file_like_object at 0x000002AC0B5B4B80>
2023-04-23 12:32:09,659:DEBUG:Event before-parameter-build.s3.UploadPart: calling handler <function validate_bucket_name at 0x000002AC0B5B25E0>
2023-04-23 12:32:09,660:DEBUG:Event before-parameter-build.s3.UploadPart: calling handler <function remove_bucket_from_url_paths_from_model at 0x000002AC0B5B6430>
2023-04-23 12:32:09,660:DEBUG:Event before-parameter-build.s3.UploadPart: calling handler <bound method S3RegionRedirectorv2.annotate_request_context of <botocore.utils.S3RegionRedirectorv2 object at 0x000002AC0DD86400>>
2023-04-23 12:32:09,660:DEBUG:Event before-parameter-build.s3.UploadPart: calling handler <function generate_idempotent_uuid at 0x000002AC0B5B2430>
2023-04-23 12:32:09,660:DEBUG:UploadPartTask(transfer_id=0, {'bucket': 'amandeep12017226', 'key': 'SteelEye_assignment.csv', 'part_number': 1, 'extra_args': {}}) done waiting for dependent futures
2023-04-23 12:32:09,661:DEBUG:Event before-call.s3.UploadPart: calling handler <function conditionally_calculate_md5 at 0x000002AC0B2CDAF0>
2023-04-23 12:32:09,661:DEBUG:Executing task UploadPartTask(transfer_id=0, {'bucket': 'amandeep12017226', 'key': 'SteelEye_assignment.csv', 'part_number': 1, 'extra_args': {}}) with kwargs {'client': <botocore.client.S3 object at 0x000002AC0DBF5820>, 'fileobj': <s3transfer.utils.ReadFileChunk object at 0x000002AC0DDBB880>, 'bucket': 'amandeep12017226', 'key': 'SteelEye_assignment.csv', 'part_number': 1, 'extra_args': {}, 'upload_id': 'snS7QmUayUvGPSCBT7yhs.mns87I12OdDX2e6_yQQYdxdbL2qL.ePBNQ4AxL0oXwHrIrQxP3zx8IyBWf.i5SJh6a6pr8Rxc2ivwwVnOypMs-'}
2023-04-23 12:32:09,662:DEBUG:Event before-endpoint-resolution.s3: calling handler <function customize_endpoint_resolver_builtins at 0x000002AC0B5B65E0>
2023-04-23 12:32:09,662:DEBUG:Event before-endpoint-resolution.s3: calling handler <bound method S3RegionRedirectorv2.redirect_from_cache of <botocore.utils.S3RegionRedirectorv2 object at 0x000002AC0DD86400>>
2023-04-23 12:32:09,662:DEBUG:Calling endpoint provider with parameters: {'Bucket': 'amandeep12017226', 'Region': 'ap-southeast-2', 'UseFIPS': False, 'UseDualStack': False, 'ForcePathStyle': False, 'Accelerate': False, 'UseGlobalEndpoint': False, 'DisableMultiRegionAccessPoints': False, 'UseArnRegion': True}
2023-04-23 12:32:09,662:DEBUG:Endpoint provider result: https://amandeep12017226.s3.ap-southeast-2.amazonaws.com
2023-04-23 12:32:09,662:DEBUG:Selecting from endpoint provider's list of auth schemes: "sigv4". User selected auth scheme is: "None"
2023-04-23 12:32:09,662:DEBUG:Selected auth type "v4" as "v4" with signing context params: {'region': 'ap-southeast-2', 'signing_name': 's3', 'disableDoubleEncoding': True}
2023-04-23 12:32:09,663:DEBUG:Event before-parameter-build.s3.UploadPart: calling handler <function sse_md5 at 0x000002AC0B5B2670>
2023-04-23 12:32:09,663:DEBUG:Event before-parameter-build.s3.UploadPart: calling handler <function convert_body_to_file_like_object at 0x000002AC0B5B4B80>
2023-04-23 12:32:09,663:DEBUG:Event before-parameter-build.s3.UploadPart: calling handler <function validate_bucket_name at 0x000002AC0B5B25E0>
2023-04-23 12:32:09,663:DEBUG:Event before-parameter-build.s3.UploadPart: calling handler <function remove_bucket_from_url_paths_from_model at 0x000002AC0B5B6430>
2023-04-23 12:32:09,663:DEBUG:Event before-parameter-build.s3.UploadPart: calling handler <bound method S3RegionRedirectorv2.annotate_request_context of <botocore.utils.S3RegionRedirectorv2 object at 0x000002AC0DD86400>>
2023-04-23 12:32:09,664:DEBUG:Event before-parameter-build.s3.UploadPart: calling handler <function generate_idempotent_uuid at 0x000002AC0B5B2430>
2023-04-23 12:32:09,664:DEBUG:Event before-call.s3.UploadPart: calling handler <function conditionally_calculate_md5 at 0x000002AC0B2CDAF0>
2023-04-23 12:32:09,677:DEBUG:Event before-call.s3.UploadPart: calling handler <function add_expect_header at 0x000002AC0B5B2940>
2023-04-23 12:32:09,677:DEBUG:Adding expect 100 continue header to request.
2023-04-23 12:32:09,678:DEBUG:Event before-call.s3.UploadPart: calling handler <function add_recursion_detection_header at 0x000002AC0B5B20D0>
2023-04-23 12:32:09,678:DEBUG:Event before-call.s3.UploadPart: calling handler <function inject_api_version_header_if_needed at 0x000002AC0B5B4CA0>
2023-04-23 12:32:09,678:DEBUG:Making request for OperationModel(name=UploadPart) with params: {'url_path': '/SteelEye_assignment.csv', 'query_string': {'uploadId': 'snS7QmUayUvGPSCBT7yhs.mns87I12OdDX2e6_yQQYdxdbL2qL.ePBNQ4AxL0oXwHrIrQxP3zx8IyBWf.i5SJh6a6pr8Rxc2ivwwVnOypMs-', 'partNumber': 2}, 'method': 'PUT', 'headers': {'User-Agent': 'Boto3/1.26.114 Python/3.9.7 Windows/10 Botocore/1.29.114 Resource', 'Content-MD5': '7NctqdCLHiw/KJRtrfqUng==', 'Expect': '100-continue'}, 'body': <s3transfer.utils.ReadFileChunk object at 0x000002AC0DDCE070>, 'auth_path': '/amandeep12017226/SteelEye_assignment.csv', 'url': 'https://amandeep12017226.s3.ap-southeast-2.amazonaws.com/SteelEye_assignment.csv?uploadId=snS7QmUayUvGPSCBT7yhs.mns87I12OdDX2e6_yQQYdxdbL2qL.ePBNQ4AxL0oXwHrIrQxP3zx8IyBWf.i5SJh6a6pr8Rxc2ivwwVnOypMs-&partNumber=2', 'context': {'client_region': 'ap-southeast-2', 'client_config': <botocore.config.Config object at 0x000002AC0DBF57C0>, 'has_streaming_input': True, 'auth_type': 'v4', 'signing': {'region': 'ap-southeast-2', 'signing_name': 's3', 'disableDoubleEncoding': True}, 's3_redirect': {'redirected': False, 'bucket': 'amandeep12017226', 'params': {'Bucket': 'amandeep12017226', 'Key': 'SteelEye_assignment.csv', 'UploadId': 'snS7QmUayUvGPSCBT7yhs.mns87I12OdDX2e6_yQQYdxdbL2qL.ePBNQ4AxL0oXwHrIrQxP3zx8IyBWf.i5SJh6a6pr8Rxc2ivwwVnOypMs-', 'PartNumber': 2, 'Body': <s3transfer.utils.ReadFileChunk object at 0x000002AC0DDCE070>}}}}
2023-04-23 12:32:09,680:DEBUG:Event request-created.s3.UploadPart: calling handler <function signal_not_transferring at 0x000002AC0DCDAAF0>
2023-04-23 12:32:09,680:DEBUG:Event request-created.s3.UploadPart: calling handler <bound method RequestSigner.handler of <botocore.signers.RequestSigner object at 0x000002AC0DBF57F0>>
2023-04-23 12:32:09,680:DEBUG:Event choose-signer.s3.UploadPart: calling handler <bound method ClientCreator._default_s3_presign_to_sigv2 of <botocore.client.ClientCreator object at 0x000002AC0D317D30>>
2023-04-23 12:32:09,680:DEBUG:Event choose-signer.s3.UploadPart: calling handler <function set_operation_specific_signer at 0x000002AC0B5B2310>
2023-04-23 12:32:09,681:DEBUG:Event before-sign.s3.UploadPart: calling handler <function remove_arn_from_signing_path at 0x000002AC0B5B6550>
2023-04-23 12:32:09,681:DEBUG:Calculating signature using v4 auth.
2023-04-23 12:32:09,681:DEBUG:CanonicalRequest:
PUT
/SteelEye_assignment.csv
partNumber=2&uploadId=snS7QmUayUvGPSCBT7yhs.mns87I12OdDX2e6_yQQYdxdbL2qL.ePBNQ4AxL0oXwHrIrQxP3zx8IyBWf.i5SJh6a6pr8Rxc2ivwwVnOypMs-
content-md5:7NctqdCLHiw/KJRtrfqUng==
host:amandeep12017226.s3.ap-southeast-2.amazonaws.com
x-amz-content-sha256:UNSIGNED-PAYLOAD
x-amz-date:20230423T070209Z

content-md5;host;x-amz-content-sha256;x-amz-date
UNSIGNED-PAYLOAD
2023-04-23 12:32:09,681:DEBUG:StringToSign:
AWS4-HMAC-SHA256
20230423T070209Z
20230423/ap-southeast-2/s3/aws4_request
d276186d3211967749d2f3223f39876d2ce0ec41f1342406b48d35b606285a4e
2023-04-23 12:32:09,682:DEBUG:Signature:
52ad3a532942af145f277e22d562d2f64957ba81889d76acaa13a500e90f021e
2023-04-23 12:32:09,682:DEBUG:Event request-created.s3.UploadPart: calling handler <function signal_transferring at 0x000002AC0DCDAB80>
2023-04-23 12:32:09,682:DEBUG:Event request-created.s3.UploadPart: calling handler <function add_retry_headers at 0x000002AC0B5B63A0>
2023-04-23 12:32:09,682:DEBUG:Sending http request: <AWSPreparedRequest stream_output=False, method=PUT, url=https://amandeep12017226.s3.ap-southeast-2.amazonaws.com/SteelEye_assignment.csv?uploadId=snS7QmUayUvGPSCBT7yhs.mns87I12OdDX2e6_yQQYdxdbL2qL.ePBNQ4AxL0oXwHrIrQxP3zx8IyBWf.i5SJh6a6pr8Rxc2ivwwVnOypMs-&partNumber=2, headers={'User-Agent': b'Boto3/1.26.114 Python/3.9.7 Windows/10 Botocore/1.29.114 Resource', 'Content-MD5': b'7NctqdCLHiw/KJRtrfqUng==', 'Expect': b'100-continue', 'X-Amz-Date': b'20230423T070209Z', 'X-Amz-Content-SHA256': b'UNSIGNED-PAYLOAD', 'Authorization': b'AWS4-HMAC-SHA256 Credential=AKIASJBMQVJ5TI3TQQGQ/20230423/ap-southeast-2/s3/aws4_request, SignedHeaders=content-md5;host;x-amz-content-sha256;x-amz-date, Signature=52ad3a532942af145f277e22d562d2f64957ba81889d76acaa13a500e90f021e', 'amz-sdk-invocation-id': b'ef96c6e6-693a-4833-ba25-06e21628563d', 'amz-sdk-request': b'attempt=1', 'Content-Length': '553669'}>
2023-04-23 12:32:09,683:DEBUG:Certificate path: C:\Users\DELL\anaconda3\lib\site-packages\certifi\cacert.pem
2023-04-23 12:32:09,684:DEBUG:Waiting for 100 Continue response.
2023-04-23 12:32:09,708:DEBUG:Event before-call.s3.UploadPart: calling handler <function add_expect_header at 0x000002AC0B5B2940>
2023-04-23 12:32:09,708:DEBUG:Adding expect 100 continue header to request.
2023-04-23 12:32:09,708:DEBUG:Event before-call.s3.UploadPart: calling handler <function add_recursion_detection_header at 0x000002AC0B5B20D0>
2023-04-23 12:32:09,708:DEBUG:Event before-call.s3.UploadPart: calling handler <function inject_api_version_header_if_needed at 0x000002AC0B5B4CA0>
2023-04-23 12:32:09,708:DEBUG:Making request for OperationModel(name=UploadPart) with params: {'url_path': '/SteelEye_assignment.csv', 'query_string': {'uploadId': 'snS7QmUayUvGPSCBT7yhs.mns87I12OdDX2e6_yQQYdxdbL2qL.ePBNQ4AxL0oXwHrIrQxP3zx8IyBWf.i5SJh6a6pr8Rxc2ivwwVnOypMs-', 'partNumber': 1}, 'method': 'PUT', 'headers': {'User-Agent': 'Boto3/1.26.114 Python/3.9.7 Windows/10 Botocore/1.29.114 Resource', 'Content-MD5': 'biIf9hWcmcGloBfrAJIC2w==', 'Expect': '100-continue'}, 'body': <s3transfer.utils.ReadFileChunk object at 0x000002AC0DDBB880>, 'auth_path': '/amandeep12017226/SteelEye_assignment.csv', 'url': 'https://amandeep12017226.s3.ap-southeast-2.amazonaws.com/SteelEye_assignment.csv?uploadId=snS7QmUayUvGPSCBT7yhs.mns87I12OdDX2e6_yQQYdxdbL2qL.ePBNQ4AxL0oXwHrIrQxP3zx8IyBWf.i5SJh6a6pr8Rxc2ivwwVnOypMs-&partNumber=1', 'context': {'client_region': 'ap-southeast-2', 'client_config': <botocore.config.Config object at 0x000002AC0DBF57C0>, 'has_streaming_input': True, 'auth_type': 'v4', 'signing': {'region': 'ap-southeast-2', 'signing_name': 's3', 'disableDoubleEncoding': True}, 's3_redirect': {'redirected': False, 'bucket': 'amandeep12017226', 'params': {'Bucket': 'amandeep12017226', 'Key': 'SteelEye_assignment.csv', 'UploadId': 'snS7QmUayUvGPSCBT7yhs.mns87I12OdDX2e6_yQQYdxdbL2qL.ePBNQ4AxL0oXwHrIrQxP3zx8IyBWf.i5SJh6a6pr8Rxc2ivwwVnOypMs-', 'PartNumber': 1, 'Body': <s3transfer.utils.ReadFileChunk object at 0x000002AC0DDBB880>}}}}
2023-04-23 12:32:09,709:DEBUG:Event request-created.s3.UploadPart: calling handler <function signal_not_transferring at 0x000002AC0DCDAAF0>
2023-04-23 12:32:09,709:DEBUG:Event request-created.s3.UploadPart: calling handler <bound method RequestSigner.handler of <botocore.signers.RequestSigner object at 0x000002AC0DBF57F0>>
2023-04-23 12:32:09,709:DEBUG:Event choose-signer.s3.UploadPart: calling handler <bound method ClientCreator._default_s3_presign_to_sigv2 of <botocore.client.ClientCreator object at 0x000002AC0D317D30>>
2023-04-23 12:32:09,709:DEBUG:Event choose-signer.s3.UploadPart: calling handler <function set_operation_specific_signer at 0x000002AC0B5B2310>
2023-04-23 12:32:09,709:DEBUG:Event before-sign.s3.UploadPart: calling handler <function remove_arn_from_signing_path at 0x000002AC0B5B6550>
2023-04-23 12:32:09,710:DEBUG:Calculating signature using v4 auth.
2023-04-23 12:32:09,710:DEBUG:CanonicalRequest:
PUT
/SteelEye_assignment.csv
partNumber=1&uploadId=snS7QmUayUvGPSCBT7yhs.mns87I12OdDX2e6_yQQYdxdbL2qL.ePBNQ4AxL0oXwHrIrQxP3zx8IyBWf.i5SJh6a6pr8Rxc2ivwwVnOypMs-
content-md5:biIf9hWcmcGloBfrAJIC2w==
host:amandeep12017226.s3.ap-southeast-2.amazonaws.com
x-amz-content-sha256:UNSIGNED-PAYLOAD
x-amz-date:20230423T070209Z

content-md5;host;x-amz-content-sha256;x-amz-date
UNSIGNED-PAYLOAD
2023-04-23 12:32:09,710:DEBUG:StringToSign:
AWS4-HMAC-SHA256
20230423T070209Z
20230423/ap-southeast-2/s3/aws4_request
79b61188ea6288ef243362d49e40cdbc1bd75ae7cc5338fe7c1a1d342c07faae
2023-04-23 12:32:09,710:DEBUG:Signature:
ceac4451849f0e7695cf52c019ec589e80e558c894c12404ef919c315e6f3587
2023-04-23 12:32:09,711:DEBUG:Event request-created.s3.UploadPart: calling handler <function signal_transferring at 0x000002AC0DCDAB80>
2023-04-23 12:32:09,711:DEBUG:Event request-created.s3.UploadPart: calling handler <function add_retry_headers at 0x000002AC0B5B63A0>
2023-04-23 12:32:09,711:DEBUG:Sending http request: <AWSPreparedRequest stream_output=False, method=PUT, url=https://amandeep12017226.s3.ap-southeast-2.amazonaws.com/SteelEye_assignment.csv?uploadId=snS7QmUayUvGPSCBT7yhs.mns87I12OdDX2e6_yQQYdxdbL2qL.ePBNQ4AxL0oXwHrIrQxP3zx8IyBWf.i5SJh6a6pr8Rxc2ivwwVnOypMs-&partNumber=1, headers={'User-Agent': b'Boto3/1.26.114 Python/3.9.7 Windows/10 Botocore/1.29.114 Resource', 'Content-MD5': b'biIf9hWcmcGloBfrAJIC2w==', 'Expect': b'100-continue', 'X-Amz-Date': b'20230423T070209Z', 'X-Amz-Content-SHA256': b'UNSIGNED-PAYLOAD', 'Authorization': b'AWS4-HMAC-SHA256 Credential=AKIASJBMQVJ5TI3TQQGQ/20230423/ap-southeast-2/s3/aws4_request, SignedHeaders=content-md5;host;x-amz-content-sha256;x-amz-date, Signature=ceac4451849f0e7695cf52c019ec589e80e558c894c12404ef919c315e6f3587', 'amz-sdk-invocation-id': b'35567846-65b8-4498-959b-d0316b59a5ce', 'amz-sdk-request': b'attempt=1', 'Content-Length': '8388608'}>
2023-04-23 12:32:09,712:DEBUG:Certificate path: C:\Users\DELL\anaconda3\lib\site-packages\certifi\cacert.pem
2023-04-23 12:32:09,712:DEBUG:Starting new HTTPS connection (2): amandeep12017226.s3.ap-southeast-2.amazonaws.com:443
2023-04-23 12:32:09,871:DEBUG:100 Continue response seen, now sending request body.
2023-04-23 12:32:10,336:DEBUG:Waiting for 100 Continue response.
2023-04-23 12:32:10,554:DEBUG:100 Continue response seen, now sending request body.
2023-04-23 12:32:12,318:DEBUG:https://amandeep12017226.s3.ap-southeast-2.amazonaws.com:443 "PUT /SteelEye_assignment.csv?uploadId=snS7QmUayUvGPSCBT7yhs.mns87I12OdDX2e6_yQQYdxdbL2qL.ePBNQ4AxL0oXwHrIrQxP3zx8IyBWf.i5SJh6a6pr8Rxc2ivwwVnOypMs-&partNumber=2 HTTP/1.1" 200 0
2023-04-23 12:32:12,319:DEBUG:Response headers: {'x-amz-id-2': 'rR9O+pmCh0IfxK3ZprOVDX1htPuA/7j6gEiHrj86cW8kkwZAJqb6fXGNcpDjNG7RTsRoGlsmndI=', 'x-amz-request-id': '02QQYBQ7448DVSG2', 'Date': 'Sun, 23 Apr 2023 07:02:09 GMT', 'ETag': '"ecd72da9d08b1e2c3f28946dadfa949e"', 'x-amz-server-side-encryption': 'AES256', 'Server': 'AmazonS3', 'Content-Length': '0'}
2023-04-23 12:32:12,320:DEBUG:Response body:
b''
2023-04-23 12:32:12,321:DEBUG:Event needs-retry.s3.UploadPart: calling handler <botocore.retryhandler.RetryHandler object at 0x000002AC0DD86340>
2023-04-23 12:32:12,321:DEBUG:No retry needed.
2023-04-23 12:32:12,321:DEBUG:Event needs-retry.s3.UploadPart: calling handler <bound method S3RegionRedirectorv2.redirect_from_error of <botocore.utils.S3RegionRedirectorv2 object at 0x000002AC0DD86400>>
2023-04-23 12:32:12,322:DEBUG:Releasing acquire 0/None
2023-04-23 12:32:38,232:DEBUG:https://amandeep12017226.s3.ap-southeast-2.amazonaws.com:443 "PUT /SteelEye_assignment.csv?uploadId=snS7QmUayUvGPSCBT7yhs.mns87I12OdDX2e6_yQQYdxdbL2qL.ePBNQ4AxL0oXwHrIrQxP3zx8IyBWf.i5SJh6a6pr8Rxc2ivwwVnOypMs-&partNumber=1 HTTP/1.1" 200 0
2023-04-23 12:32:38,232:DEBUG:Response headers: {'x-amz-id-2': 'HZXSa/IwiHKt7RzRF+bkPSwKPJTKsnZ1xQKDkCLTssteBMxjDxJRa0PAOfehY200VM+KlA3wK1I=', 'x-amz-request-id': 'K6Q3VN4XBZSK7HVP', 'Date': 'Sun, 23 Apr 2023 07:02:10 GMT', 'ETag': '"6e221ff6159c99c1a5a017eb009202db"', 'x-amz-server-side-encryption': 'AES256', 'Server': 'AmazonS3', 'Content-Length': '0'}
2023-04-23 12:32:38,232:DEBUG:Response body:
b''
2023-04-23 12:32:38,232:DEBUG:Event needs-retry.s3.UploadPart: calling handler <botocore.retryhandler.RetryHandler object at 0x000002AC0DD86340>
2023-04-23 12:32:38,232:DEBUG:No retry needed.
2023-04-23 12:32:38,232:DEBUG:Event needs-retry.s3.UploadPart: calling handler <bound method S3RegionRedirectorv2.redirect_from_error of <botocore.utils.S3RegionRedirectorv2 object at 0x000002AC0DD86400>>
2023-04-23 12:32:38,232:DEBUG:Releasing acquire 0/None
2023-04-23 12:32:38,232:DEBUG:CompleteMultipartUploadTask(transfer_id=0, {'bucket': 'amandeep12017226', 'key': 'SteelEye_assignment.csv', 'extra_args': {}}) about to wait for <s3transfer.futures.ExecutorFuture object at 0x000002AC0DDCE4C0>
2023-04-23 12:32:38,232:DEBUG:CompleteMultipartUploadTask(transfer_id=0, {'bucket': 'amandeep12017226', 'key': 'SteelEye_assignment.csv', 'extra_args': {}}) done waiting for dependent futures
2023-04-23 12:32:38,232:DEBUG:Executing task CompleteMultipartUploadTask(transfer_id=0, {'bucket': 'amandeep12017226', 'key': 'SteelEye_assignment.csv', 'extra_args': {}}) with kwargs {'client': <botocore.client.S3 object at 0x000002AC0DBF5820>, 'bucket': 'amandeep12017226', 'key': 'SteelEye_assignment.csv', 'extra_args': {}, 'upload_id': 'snS7QmUayUvGPSCBT7yhs.mns87I12OdDX2e6_yQQYdxdbL2qL.ePBNQ4AxL0oXwHrIrQxP3zx8IyBWf.i5SJh6a6pr8Rxc2ivwwVnOypMs-', 'parts': [{'ETag': '"6e221ff6159c99c1a5a017eb009202db"', 'PartNumber': 1}, {'ETag': '"ecd72da9d08b1e2c3f28946dadfa949e"', 'PartNumber': 2}]}
2023-04-23 12:32:38,232:DEBUG:Event before-endpoint-resolution.s3: calling handler <function customize_endpoint_resolver_builtins at 0x000002AC0B5B65E0>
2023-04-23 12:32:38,232:DEBUG:Event before-endpoint-resolution.s3: calling handler <bound method S3RegionRedirectorv2.redirect_from_cache of <botocore.utils.S3RegionRedirectorv2 object at 0x000002AC0DD86400>>
2023-04-23 12:32:38,232:DEBUG:Calling endpoint provider with parameters: {'Bucket': 'amandeep12017226', 'Region': 'ap-southeast-2', 'UseFIPS': False, 'UseDualStack': False, 'ForcePathStyle': False, 'Accelerate': False, 'UseGlobalEndpoint': False, 'DisableMultiRegionAccessPoints': False, 'UseArnRegion': True}
2023-04-23 12:32:38,232:DEBUG:Endpoint provider result: https://amandeep12017226.s3.ap-southeast-2.amazonaws.com
2023-04-23 12:32:38,232:DEBUG:Selecting from endpoint provider's list of auth schemes: "sigv4". User selected auth scheme is: "None"
2023-04-23 12:32:38,232:DEBUG:Selected auth type "v4" as "v4" with signing context params: {'region': 'ap-southeast-2', 'signing_name': 's3', 'disableDoubleEncoding': True}
2023-04-23 12:32:38,247:DEBUG:Event before-parameter-build.s3.CompleteMultipartUpload: calling handler <function validate_bucket_name at 0x000002AC0B5B25E0>
2023-04-23 12:32:38,247:DEBUG:Event before-parameter-build.s3.CompleteMultipartUpload: calling handler <function remove_bucket_from_url_paths_from_model at 0x000002AC0B5B6430>
2023-04-23 12:32:38,247:DEBUG:Event before-parameter-build.s3.CompleteMultipartUpload: calling handler <bound method S3RegionRedirectorv2.annotate_request_context of <botocore.utils.S3RegionRedirectorv2 object at 0x000002AC0DD86400>>
2023-04-23 12:32:38,247:DEBUG:Event before-parameter-build.s3.CompleteMultipartUpload: calling handler <function generate_idempotent_uuid at 0x000002AC0B5B2430>
2023-04-23 12:32:38,247:DEBUG:Event before-call.s3.CompleteMultipartUpload: calling handler <function add_expect_header at 0x000002AC0B5B2940>
2023-04-23 12:32:38,247:DEBUG:Event before-call.s3.CompleteMultipartUpload: calling handler <function add_recursion_detection_header at 0x000002AC0B5B20D0>
2023-04-23 12:32:38,247:DEBUG:Event before-call.s3.CompleteMultipartUpload: calling handler <function inject_api_version_header_if_needed at 0x000002AC0B5B4CA0>
2023-04-23 12:32:38,247:DEBUG:Making request for OperationModel(name=CompleteMultipartUpload) with params: {'url_path': '/SteelEye_assignment.csv', 'query_string': {'uploadId': 'snS7QmUayUvGPSCBT7yhs.mns87I12OdDX2e6_yQQYdxdbL2qL.ePBNQ4AxL0oXwHrIrQxP3zx8IyBWf.i5SJh6a6pr8Rxc2ivwwVnOypMs-'}, 'method': 'POST', 'headers': {'User-Agent': 'Boto3/1.26.114 Python/3.9.7 Windows/10 Botocore/1.29.114 Resource'}, 'body': b'<CompleteMultipartUpload xmlns="http://s3.amazonaws.com/doc/2006-03-01/"><Part><ETag>"6e221ff6159c99c1a5a017eb009202db"</ETag><PartNumber>1</PartNumber></Part><Part><ETag>"ecd72da9d08b1e2c3f28946dadfa949e"</ETag><PartNumber>2</PartNumber></Part></CompleteMultipartUpload>', 'auth_path': '/amandeep12017226/SteelEye_assignment.csv', 'url': 'https://amandeep12017226.s3.ap-southeast-2.amazonaws.com/SteelEye_assignment.csv?uploadId=snS7QmUayUvGPSCBT7yhs.mns87I12OdDX2e6_yQQYdxdbL2qL.ePBNQ4AxL0oXwHrIrQxP3zx8IyBWf.i5SJh6a6pr8Rxc2ivwwVnOypMs-', 'context': {'client_region': 'ap-southeast-2', 'client_config': <botocore.config.Config object at 0x000002AC0DBF57C0>, 'has_streaming_input': False, 'auth_type': 'v4', 'signing': {'region': 'ap-southeast-2', 'signing_name': 's3', 'disableDoubleEncoding': True}, 's3_redirect': {'redirected': False, 'bucket': 'amandeep12017226', 'params': {'Bucket': 'amandeep12017226', 'Key': 'SteelEye_assignment.csv', 'UploadId': 'snS7QmUayUvGPSCBT7yhs.mns87I12OdDX2e6_yQQYdxdbL2qL.ePBNQ4AxL0oXwHrIrQxP3zx8IyBWf.i5SJh6a6pr8Rxc2ivwwVnOypMs-', 'MultipartUpload': {'Parts': [{'ETag': '"6e221ff6159c99c1a5a017eb009202db"', 'PartNumber': 1}, {'ETag': '"ecd72da9d08b1e2c3f28946dadfa949e"', 'PartNumber': 2}]}}}}}
2023-04-23 12:32:38,247:DEBUG:Event request-created.s3.CompleteMultipartUpload: calling handler <function signal_not_transferring at 0x000002AC0DCDAAF0>
2023-04-23 12:32:38,247:DEBUG:Event request-created.s3.CompleteMultipartUpload: calling handler <bound method RequestSigner.handler of <botocore.signers.RequestSigner object at 0x000002AC0DBF57F0>>
2023-04-23 12:32:38,247:DEBUG:Event choose-signer.s3.CompleteMultipartUpload: calling handler <bound method ClientCreator._default_s3_presign_to_sigv2 of <botocore.client.ClientCreator object at 0x000002AC0D317D30>>
2023-04-23 12:32:38,247:DEBUG:Event choose-signer.s3.CompleteMultipartUpload: calling handler <function set_operation_specific_signer at 0x000002AC0B5B2310>
2023-04-23 12:32:38,247:DEBUG:Event before-sign.s3.CompleteMultipartUpload: calling handler <function remove_arn_from_signing_path at 0x000002AC0B5B6550>
2023-04-23 12:32:38,247:DEBUG:Calculating signature using v4 auth.
2023-04-23 12:32:38,247:DEBUG:CanonicalRequest:
POST
/SteelEye_assignment.csv
uploadId=snS7QmUayUvGPSCBT7yhs.mns87I12OdDX2e6_yQQYdxdbL2qL.ePBNQ4AxL0oXwHrIrQxP3zx8IyBWf.i5SJh6a6pr8Rxc2ivwwVnOypMs-
host:amandeep12017226.s3.ap-southeast-2.amazonaws.com
x-amz-content-sha256:fd72da933920828b7d6f03840e2c612fd46e20a39039fa97ea8cfd54545a3987
x-amz-date:20230423T070238Z

host;x-amz-content-sha256;x-amz-date
fd72da933920828b7d6f03840e2c612fd46e20a39039fa97ea8cfd54545a3987
2023-04-23 12:32:38,247:DEBUG:StringToSign:
AWS4-HMAC-SHA256
20230423T070238Z
20230423/ap-southeast-2/s3/aws4_request
aa2d761699a24592746bdc68442b9deb9f11f58561d36232da5b8467e4dff399
2023-04-23 12:32:38,247:DEBUG:Signature:
d3c6c495dfd1cc0bbe47c96ab1d440a173b583a87bac1a75a0cb0a7c576842a7
2023-04-23 12:32:38,247:DEBUG:Event request-created.s3.CompleteMultipartUpload: calling handler <function signal_transferring at 0x000002AC0DCDAB80>
2023-04-23 12:32:38,247:DEBUG:Event request-created.s3.CompleteMultipartUpload: calling handler <function add_retry_headers at 0x000002AC0B5B63A0>
2023-04-23 12:32:38,247:DEBUG:Sending http request: <AWSPreparedRequest stream_output=False, method=POST, url=https://amandeep12017226.s3.ap-southeast-2.amazonaws.com/SteelEye_assignment.csv?uploadId=snS7QmUayUvGPSCBT7yhs.mns87I12OdDX2e6_yQQYdxdbL2qL.ePBNQ4AxL0oXwHrIrQxP3zx8IyBWf.i5SJh6a6pr8Rxc2ivwwVnOypMs-, headers={'User-Agent': b'Boto3/1.26.114 Python/3.9.7 Windows/10 Botocore/1.29.114 Resource', 'X-Amz-Date': b'20230423T070238Z', 'X-Amz-Content-SHA256': b'fd72da933920828b7d6f03840e2c612fd46e20a39039fa97ea8cfd54545a3987', 'Authorization': b'AWS4-HMAC-SHA256 Credential=AKIASJBMQVJ5TI3TQQGQ/20230423/ap-southeast-2/s3/aws4_request, SignedHeaders=host;x-amz-content-sha256;x-amz-date, Signature=d3c6c495dfd1cc0bbe47c96ab1d440a173b583a87bac1a75a0cb0a7c576842a7', 'amz-sdk-invocation-id': b'3740ea81-59dc-40a8-981d-3c7ce2b85adc', 'amz-sdk-request': b'attempt=1', 'Content-Length': '271'}>
2023-04-23 12:32:38,247:DEBUG:Certificate path: C:\Users\DELL\anaconda3\lib\site-packages\certifi\cacert.pem
2023-04-23 12:32:38,482:DEBUG:https://amandeep12017226.s3.ap-southeast-2.amazonaws.com:443 "POST /SteelEye_assignment.csv?uploadId=snS7QmUayUvGPSCBT7yhs.mns87I12OdDX2e6_yQQYdxdbL2qL.ePBNQ4AxL0oXwHrIrQxP3zx8IyBWf.i5SJh6a6pr8Rxc2ivwwVnOypMs- HTTP/1.1" 200 None
2023-04-23 12:32:38,513:DEBUG:Response headers: {'x-amz-id-2': 'CnHx2bBEYkF9UxztcG7f7R/xOvaNu+l1Nf59dk/LvElxgQ1m4nh6bh5lCQAKXaGC6n+FtTGWRO4=', 'x-amz-request-id': 'XDAD4EANH6YWCSZS', 'Date': 'Sun, 23 Apr 2023 07:02:38 GMT', 'x-amz-server-side-encryption': 'AES256', 'Content-Type': 'application/xml', 'Transfer-Encoding': 'chunked', 'Server': 'AmazonS3'}
2023-04-23 12:32:38,513:DEBUG:Response body:
b'<?xml version="1.0" encoding="UTF-8"?>\n\n<CompleteMultipartUploadResult xmlns="http://s3.amazonaws.com/doc/2006-03-01/"><Location>https://amandeep12017226.s3.ap-southeast-2.amazonaws.com/SteelEye_assignment.csv</Location><Bucket>amandeep12017226</Bucket><Key>SteelEye_assignment.csv</Key><ETag>"5a724725b4abe5899f3ec4991557355f-2"</ETag></CompleteMultipartUploadResult>'
2023-04-23 12:32:38,529:DEBUG:Event needs-retry.s3.CompleteMultipartUpload: calling handler <function check_for_200_error at 0x000002AC0B5B21F0>
2023-04-23 12:32:38,529:DEBUG:Event needs-retry.s3.CompleteMultipartUpload: calling handler <botocore.retryhandler.RetryHandler object at 0x000002AC0DD86340>
2023-04-23 12:32:38,529:DEBUG:No retry needed.
2023-04-23 12:32:38,529:DEBUG:Event needs-retry.s3.CompleteMultipartUpload: calling handler <bound method S3RegionRedirectorv2.redirect_from_error of <botocore.utils.S3RegionRedirectorv2 object at 0x000002AC0DD86400>>
2023-04-23 12:32:38,529:DEBUG:Releasing acquire 0/None
2023-04-23 12:32:38,529:INFO:output.csv file uploaded to S3 bucket successfully
